<!DOCTYPE html PUBLIC "-//W3C//DTD XHTML 1.1//EN" "https://www.w3.org/TR/xhtml11/DTD/xhtml11.dtd">
<html xmlns="https://www.w3.org/1999/xhtml">
<head>
<meta http-equiv="content-type" content="text/html; charset=UTF-8"/>
<title>TestNG Report</title>
<style type="text/css">table {margin-bottom:10px;border-collapse:collapse;empty-cells:show}th,td {border:1px solid #009;padding:.25em .5em}th {vertical-align:bottom}td {vertical-align:top}table a {font-weight:bold}.stripe td {background-color: #E6EBF9}.num {text-align:right}.passedodd td {background-color: #3F3}.passedeven td {background-color: #0A0}.skippedodd td {background-color: #DDD}.skippedeven td {background-color: #CCC}.failedodd td,.attn {background-color: #F33}.failedeven td,.stripe .attn {background-color: #D00}.stacktrace {white-space:pre;font-family:monospace}.totop {font-size:85%;text-align:center;border-bottom:2px solid #000}.invisible {display:none}</style>
</head>
<body>
<table>
<tr><th>Test</th><th># Passed</th><th># Skipped</th><th># Retried</th><th># Failed</th><th>Time (ms)</th><th>Included Groups</th><th>Excluded Groups</th></tr>
<tr><th colspan="8">LoginSuite</th></tr>
<tr><td><a href="#t0">Login</a></td><td class="num">3</td><td class="num">0</td><td class="num">0</td><td class="num">0</td><td class="num">30,229</td><td></td><td></td></tr>
<tr><th colspan="8">Modules</th></tr>
<tr class="stripe"><td><a href="#t1">Test</a></td><td class="num">13</td><td class="num">0</td><td class="num">0</td><td class="num attn">2</td><td class="num">125,510</td><td></td><td></td></tr>
<tr><th colspan="8">MasterSuite</th></tr>
<tr><th>Total</th><th class="num">16</th><th class="num">0</th><th class="num">0</th><th class="num attn">2</th><th class="num">155,739</th><th colspan="2"></th></tr>
</table>
<table id='summary'><thead><tr><th>Class</th><th>Method</th><th>Start</th><th>Time (ms)</th></tr></thead><tbody><tr><th colspan="4">LoginSuite</th></tr></tbody><tbody id="t0"><tr><th colspan="4">Login &#8212; passed</th></tr><tr class="passedeven"><td rowspan="3">merchant.LoginTest</td><td><a href="#m0">ValidLoginTest</a></td><td rowspan="1">1741495914557</td><td rowspan="1">6921</td></tr><tr class="passedeven"><td><a href="#m1">testForgotPINRedirection</a></td><td rowspan="1">1741495931739</td><td rowspan="1">8270</td></tr><tr class="passedeven"><td><a href="#m2">testInvalidLogin</a></td><td rowspan="1">1741495923581</td><td rowspan="1">6304</td></tr></tbody>
<tbody><tr><th colspan="4">Modules</th></tr></tbody><tbody id="t1"><tr><th colspan="4">Test &#8212; failed</th></tr><tr class="failedeven"><td rowspan="1">merchant.Advice</td><td><a href="#m3">searchAndDownAdv</a></td><td rowspan="1">1741496022287</td><td rowspan="1">4266</td></tr><tr class="failedodd"><td rowspan="1">merchant.OperatorTest</td><td><a href="#m4">editOperator</a></td><td rowspan="1">1741495981411</td><td rowspan="1">10583</td></tr><tr><th colspan="4">Test &#8212; passed</th></tr><tr class="passedeven"><td rowspan="1">merchant.ActivityLog</td><td><a href="#m5">search</a></td><td rowspan="1">1741496046940</td><td rowspan="1">8309</td></tr><tr class="passedodd"><td rowspan="5">merchant.DashboardTest</td><td><a href="#m6">refresh</a></td><td rowspan="1">1741495956732</td><td rowspan="1">43</td></tr><tr class="passedodd"><td><a href="#m7">testAnnouncementsDisplay</a></td><td rowspan="1">1741495956776</td><td rowspan="1">422</td></tr><tr class="passedodd"><td><a href="#m8">testDashboardLoad</a></td><td rowspan="1">1741495948317</td><td rowspan="1">25</td></tr><tr class="passedodd"><td><a href="#m9">testGenerateDynamicQR</a></td><td rowspan="1">1741495948343</td><td rowspan="1">8373</td></tr><tr class="passedodd"><td><a href="#m10">testLatestTransactionSummary</a></td><td rowspan="1">1741495956717</td><td rowspan="1">14</td></tr><tr class="passedeven"><td rowspan="2">merchant.FAQs</td><td><a href="#m11">faqmenu</a></td><td rowspan="1">1741496055253</td><td rowspan="1">9480</td></tr><tr class="passedeven"><td><a href="#m12">tutorialsmenu</a></td><td rowspan="1">1741496064740</td><td rowspan="1">9073</td></tr><tr class="passedodd"><td rowspan="3">merchant.OperatorTest</td><td><a href="#m13">addOperator</a></td><td rowspan="1">1741495960283</td><td rowspan="1">21123</td></tr><tr class="passedodd"><td><a href="#m14">deleteOperator</a></td><td rowspan="1">1741495991996</td><td rowspan="1">4375</td></tr><tr class="passedodd"><td><a href="#m15">searchOperator</a></td><td rowspan="1">1741495996373</td><td rowspan="1">4143</td></tr><tr class="passedeven"><td rowspan="1">merchant.QRDownload</td><td><a href="#m16">qrMenu</a></td><td rowspan="1">1741496026554</td><td rowspan="1">20283</td></tr><tr class="passedodd"><td rowspan="1">merchant.TransactionTest</td><td><a href="#m17">transaction</a></td><td rowspan="1">1741496003648</td><td rowspan="1">16567</td></tr></tbody>
<tbody><tr><th colspan="4">MasterSuite</th></tr></tbody></table>
<h2>Login</h2><h3 id="m0">merchant.LoginTest#ValidLoginTest</h3><table class="result"><tr><th class="invisible"/></tr></table><p class="totop"><a href="#summary">back to summary</a></p>
<h3 id="m1">merchant.LoginTest#testForgotPINRedirection</h3><table class="result"><tr><th class="invisible"/></tr></table><p class="totop"><a href="#summary">back to summary</a></p>
<h3 id="m2">merchant.LoginTest#testInvalidLogin</h3><table class="result"><tr><th class="invisible"/></tr></table><p class="totop"><a href="#summary">back to summary</a></p>
<h2>Test</h2><h3 id="m3">merchant.Advice#searchAndDownAdv</h3><table class="result"><tr><th>Exception</th></tr><tr><td><div class="stacktrace">org.openqa.selenium.StaleElementReferenceException: stale element reference: stale element not found in the current frame
  (Session info: chrome=133.0.6943.142)
For documentation on this error, please visit: https://www.selenium.dev/documentation/webdriver/troubleshooting/errors#stale-element-reference-exception
Build info: version: &apos;4.28.1&apos;, revision: &apos;73f5ad48a2&apos;
System info: os.name: &apos;Mac OS X&apos;, os.arch: &apos;aarch64&apos;, os.version: &apos;15.3.1&apos;, java.version: &apos;21.0.3&apos;
Driver info: org.openqa.selenium.chrome.ChromeDriver
Command: [3313dccca93fbca02a1ccd73d03e5e0a, clickElement {id=f.A1706715AAE939343EB1634769DAE145.d.554E6B4DB112B55444BF8E254A945E0F.e.1021}]
Capabilities {acceptInsecureCerts: false, browserName: chrome, browserVersion: 133.0.6943.142, chrome: {chromedriverVersion: 133.0.6943.141 (2a5d6da0d61..., userDataDir: /var/folders/w2/dnxfgwc52t9...}, fedcm:accounts: true, goog:chromeOptions: {debuggerAddress: localhost:63796}, networkConnectionEnabled: false, pageLoadStrategy: normal, platformName: mac, proxy: Proxy(), se:cdp: ws://localhost:63796/devtoo..., se:cdpVersion: 133.0.6943.142, setWindowRect: true, strictFileInteractability: false, timeouts: {implicit: 0, pageLoad: 300000, script: 30000}, unhandledPromptBehavior: dismiss and notify, webauthn:extension:credBlob: true, webauthn:extension:largeBlob: true, webauthn:extension:minPinLength: true, webauthn:extension:prf: true, webauthn:virtualAuthenticators: true}
Element: [[ChromeDriver: chrome on mac (3313dccca93fbca02a1ccd73d03e5e0a)] -&gt; xpath: //div[contains(@class, &apos;dp__cell_inner dp__pointer dp__active_date&apos;)]]
Session ID: 3313dccca93fbca02a1ccd73d03e5e0a
	at org.openqa.selenium.remote.ErrorCodec.decode(ErrorCodec.java:167)
	at org.openqa.selenium.remote.codec.w3c.W3CHttpResponseCodec.decode(W3CHttpResponseCodec.java:138)
	at org.openqa.selenium.remote.codec.w3c.W3CHttpResponseCodec.decode(W3CHttpResponseCodec.java:50)
	at org.openqa.selenium.remote.HttpCommandExecutor.execute(HttpCommandExecutor.java:215)
	at org.openqa.selenium.remote.service.DriverCommandExecutor.invokeExecute(DriverCommandExecutor.java:216)
	at org.openqa.selenium.remote.service.DriverCommandExecutor.execute(DriverCommandExecutor.java:174)
	at org.openqa.selenium.remote.RemoteWebDriver.execute(RemoteWebDriver.java:545)
	at org.openqa.selenium.remote.RemoteWebElement.execute(RemoteWebElement.java:223)
	at org.openqa.selenium.remote.RemoteWebElement.click(RemoteWebElement.java:76)
	at merchant.BaseTest.dateSelect(BaseTest.java:99)
	at merchant.Advice.searchAndDownAdv(Advice.java:46)
	at java.base/java.util.ArrayList.forEach(ArrayList.java:1596)
... Removed 28 stack frames</div></td></tr></table><p class="totop"><a href="#summary">back to summary</a></p>
<h3 id="m4">merchant.OperatorTest#editOperator</h3><table class="result"><tr><th>Exception</th></tr><tr><td><div class="stacktrace">org.openqa.selenium.StaleElementReferenceException: stale element reference: stale element not found
  (Session info: chrome=133.0.6943.142)
For documentation on this error, please visit: https://www.selenium.dev/documentation/webdriver/troubleshooting/errors#stale-element-reference-exception
Build info: version: &apos;4.28.1&apos;, revision: &apos;73f5ad48a2&apos;
System info: os.name: &apos;Mac OS X&apos;, os.arch: &apos;aarch64&apos;, os.version: &apos;15.3.1&apos;, java.version: &apos;21.0.3&apos;
Driver info: org.openqa.selenium.chrome.ChromeDriver
Command: [3313dccca93fbca02a1ccd73d03e5e0a, findChildElement {value=./td[4], using=xpath, id=f.A1706715AAE939343EB1634769DAE145.d.96D7708954C9E0711EB5F0B4505F51E6.e.157}]
Capabilities {acceptInsecureCerts: false, browserName: chrome, browserVersion: 133.0.6943.142, chrome: {chromedriverVersion: 133.0.6943.141 (2a5d6da0d61..., userDataDir: /var/folders/w2/dnxfgwc52t9...}, fedcm:accounts: true, goog:chromeOptions: {debuggerAddress: localhost:63796}, networkConnectionEnabled: false, pageLoadStrategy: normal, platformName: mac, proxy: Proxy(), se:cdp: ws://localhost:63796/devtoo..., se:cdpVersion: 133.0.6943.142, setWindowRect: true, strictFileInteractability: false, timeouts: {implicit: 0, pageLoad: 300000, script: 30000}, unhandledPromptBehavior: dismiss and notify, webauthn:extension:credBlob: true, webauthn:extension:largeBlob: true, webauthn:extension:minPinLength: true, webauthn:extension:prf: true, webauthn:virtualAuthenticators: true}
Session ID: 3313dccca93fbca02a1ccd73d03e5e0a
	at org.openqa.selenium.remote.ErrorCodec.decode(ErrorCodec.java:167)
	at org.openqa.selenium.remote.codec.w3c.W3CHttpResponseCodec.decode(W3CHttpResponseCodec.java:138)
	at org.openqa.selenium.remote.codec.w3c.W3CHttpResponseCodec.decode(W3CHttpResponseCodec.java:50)
	at org.openqa.selenium.remote.HttpCommandExecutor.execute(HttpCommandExecutor.java:215)
	at org.openqa.selenium.remote.service.DriverCommandExecutor.invokeExecute(DriverCommandExecutor.java:216)
	at org.openqa.selenium.remote.service.DriverCommandExecutor.execute(DriverCommandExecutor.java:174)
	at org.openqa.selenium.remote.RemoteWebDriver.execute(RemoteWebDriver.java:545)
	at org.openqa.selenium.remote.ElementLocation$ElementFinder$2.findElement(ElementLocation.java:165)
	at org.openqa.selenium.remote.ElementLocation.findElement(ElementLocation.java:59)
	at org.openqa.selenium.remote.RemoteWebDriver.findElement(RemoteWebDriver.java:368)
	at org.openqa.selenium.remote.RemoteWebElement.findElement(RemoteWebElement.java:211)
	at merchant.OperatorTest.editOperator(OperatorTest.java:143)
	at java.base/java.util.ArrayList.forEach(ArrayList.java:1596)
... Removed 28 stack frames</div></td></tr></table><p class="totop"><a href="#summary">back to summary</a></p>
<h3 id="m5">merchant.ActivityLog#search</h3><table class="result"><tr><th class="invisible"/></tr></table><p class="totop"><a href="#summary">back to summary</a></p>
<h3 id="m6">merchant.DashboardTest#refresh</h3><table class="result"><tr><th class="invisible"/></tr></table><p class="totop"><a href="#summary">back to summary</a></p>
<h3 id="m7">merchant.DashboardTest#testAnnouncementsDisplay</h3><table class="result"><tr><th class="invisible"/></tr></table><p class="totop"><a href="#summary">back to summary</a></p>
<h3 id="m8">merchant.DashboardTest#testDashboardLoad</h3><table class="result"><tr><th class="invisible"/></tr></table><p class="totop"><a href="#summary">back to summary</a></p>
<h3 id="m9">merchant.DashboardTest#testGenerateDynamicQR</h3><table class="result"><tr><th class="invisible"/></tr></table><p class="totop"><a href="#summary">back to summary</a></p>
<h3 id="m10">merchant.DashboardTest#testLatestTransactionSummary</h3><table class="result"><tr><th class="invisible"/></tr></table><p class="totop"><a href="#summary">back to summary</a></p>
<h3 id="m11">merchant.FAQs#faqmenu</h3><table class="result"><tr><th class="invisible"/></tr></table><p class="totop"><a href="#summary">back to summary</a></p>
<h3 id="m12">merchant.FAQs#tutorialsmenu</h3><table class="result"><tr><th class="invisible"/></tr></table><p class="totop"><a href="#summary">back to summary</a></p>
<h3 id="m13">merchant.OperatorTest#addOperator</h3><table class="result"><tr><th class="invisible"/></tr></table><p class="totop"><a href="#summary">back to summary</a></p>
<h3 id="m14">merchant.OperatorTest#deleteOperator</h3><table class="result"><tr><th class="invisible"/></tr></table><p class="totop"><a href="#summary">back to summary</a></p>
<h3 id="m15">merchant.OperatorTest#searchOperator</h3><table class="result"><tr><th class="invisible"/></tr></table><p class="totop"><a href="#summary">back to summary</a></p>
<h3 id="m16">merchant.QRDownload#qrMenu</h3><table class="result"><tr><th class="invisible"/></tr></table><p class="totop"><a href="#summary">back to summary</a></p>
<h3 id="m17">merchant.TransactionTest#transaction</h3><table class="result"><tr><th class="invisible"/></tr></table><p class="totop"><a href="#summary">back to summary</a></p>
</body>
</html>
