<?xml version="1.0" encoding="UTF-8"?>
<testng-results ignored="6" total="24" passed="16" failed="2" skipped="0">
  <reporter-output>
  </reporter-output>
  <suite started-at="2025-03-09T10:36:49 NPT" name="LoginSuite" finished-at="2025-03-09T10:37:20 NPT" duration-ms="30229">
    <groups>
    </groups>
    <test started-at="2025-03-09T10:36:49 NPT" name="Login" finished-at="2025-03-09T10:37:20 NPT" duration-ms="30229">
      <class name="merchant.LoginTest">
        <test-method is-config="true" signature="loginsetup()[pri:0, instance:merchant.LoginTest@5e5d171f]" started-at="2025-03-09T10:36:49 NPT" name="loginsetup" finished-at="2025-03-09T10:36:54 NPT" duration-ms="4587" status="PASS">
          <reporter-output>
          </reporter-output>
        </test-method> <!-- loginsetup -->
        <test-method signature="ValidLoginTest()[pri:0, instance:merchant.LoginTest@5e5d171f]" started-at="2025-03-09T10:36:54 NPT" name="ValidLoginTest" finished-at="2025-03-09T10:37:01 NPT" duration-ms="6921" status="PASS">
          <reporter-output>
          </reporter-output>
        </test-method> <!-- ValidLoginTest -->
        <test-method is-config="true" signature="teardown()[pri:0, instance:merchant.LoginTest@5e5d171f]" started-at="2025-03-09T10:37:01 NPT" name="teardown" finished-at="2025-03-09T10:37:01 NPT" duration-ms="147" status="PASS">
          <reporter-output>
          </reporter-output>
        </test-method> <!-- teardown -->
        <test-method is-config="true" signature="loginsetup()[pri:0, instance:merchant.LoginTest@5e5d171f]" started-at="2025-03-09T10:37:01 NPT" name="loginsetup" finished-at="2025-03-09T10:37:03 NPT" duration-ms="1950" status="PASS">
          <reporter-output>
          </reporter-output>
        </test-method> <!-- loginsetup -->
        <test-method signature="testInvalidLogin()[pri:1, instance:merchant.LoginTest@5e5d171f]" started-at="2025-03-09T10:37:03 NPT" name="testInvalidLogin" finished-at="2025-03-09T10:37:09 NPT" duration-ms="6304" status="PASS">
          <reporter-output>
          </reporter-output>
        </test-method> <!-- testInvalidLogin -->
        <test-method is-config="true" signature="teardown()[pri:0, instance:merchant.LoginTest@5e5d171f]" started-at="2025-03-09T10:37:09 NPT" name="teardown" finished-at="2025-03-09T10:37:10 NPT" duration-ms="137" status="PASS">
          <reporter-output>
          </reporter-output>
        </test-method> <!-- teardown -->
        <test-method is-config="true" signature="loginsetup()[pri:0, instance:merchant.LoginTest@5e5d171f]" started-at="2025-03-09T10:37:10 NPT" name="loginsetup" finished-at="2025-03-09T10:37:11 NPT" duration-ms="1711" status="PASS">
          <reporter-output>
          </reporter-output>
        </test-method> <!-- loginsetup -->
        <test-method signature="testForgotPINRedirection()[pri:2, instance:merchant.LoginTest@5e5d171f]" started-at="2025-03-09T10:37:11 NPT" name="testForgotPINRedirection" finished-at="2025-03-09T10:37:20 NPT" duration-ms="8270" status="PASS">
          <reporter-output>
          </reporter-output>
        </test-method> <!-- testForgotPINRedirection -->
        <test-method is-config="true" signature="teardown()[pri:0, instance:merchant.LoginTest@5e5d171f]" started-at="2025-03-09T10:37:20 NPT" name="teardown" finished-at="2025-03-09T10:37:20 NPT" duration-ms="157" status="PASS">
          <reporter-output>
          </reporter-output>
        </test-method> <!-- teardown -->
      </class> <!-- merchant.LoginTest -->
    </test> <!-- Login -->
  </suite> <!-- LoginSuite -->
  <suite started-at="2025-03-09T10:37:28 NPT" name="Modules" finished-at="2025-03-09T10:39:33 NPT" duration-ms="125510">
    <groups>
    </groups>
    <test started-at="2025-03-09T10:37:28 NPT" name="Test" finished-at="2025-03-09T10:39:33 NPT" duration-ms="125510">
      <class name="merchant.OperatorTest">
        <test-method is-config="true" signature="operatormenu()[pri:0, instance:merchant.OperatorTest@6f27a732]" started-at="2025-03-09T10:37:37 NPT" name="operatormenu" finished-at="2025-03-09T10:37:40 NPT" duration-ms="3084" status="PASS">
          <reporter-output>
          </reporter-output>
        </test-method> <!-- operatormenu -->
        <test-method signature="addOperator()[pri:8, instance:merchant.OperatorTest@6f27a732]" started-at="2025-03-09T10:37:40 NPT" name="addOperator" finished-at="2025-03-09T10:38:01 NPT" duration-ms="21123" status="PASS">
          <reporter-output>
          </reporter-output>
        </test-method> <!-- addOperator -->
        <test-method signature="editOperator()[pri:9, instance:merchant.OperatorTest@6f27a732]" started-at="2025-03-09T10:38:01 NPT" name="editOperator" finished-at="2025-03-09T10:38:11 NPT" duration-ms="10583" status="FAIL">
          <exception class="org.openqa.selenium.StaleElementReferenceException">
            <message>
              <![CDATA[stale element reference: stale element not found
  (Session info: chrome=133.0.6943.142)
For documentation on this error, please visit: https://www.selenium.dev/documentation/webdriver/troubleshooting/errors#stale-element-reference-exception
Build info: version: '4.28.1', revision: '73f5ad48a2'
System info: os.name: 'Mac OS X', os.arch: 'aarch64', os.version: '15.3.1', java.version: '21.0.3'
Driver info: org.openqa.selenium.chrome.ChromeDriver
Command: [3313dccca93fbca02a1ccd73d03e5e0a, findChildElement {value=./td[4], using=xpath, id=f.A1706715AAE939343EB1634769DAE145.d.96D7708954C9E0711EB5F0B4505F51E6.e.157}]
Capabilities {acceptInsecureCerts: false, browserName: chrome, browserVersion: 133.0.6943.142, chrome: {chromedriverVersion: 133.0.6943.141 (2a5d6da0d61..., userDataDir: /var/folders/w2/dnxfgwc52t9...}, fedcm:accounts: true, goog:chromeOptions: {debuggerAddress: localhost:63796}, networkConnectionEnabled: false, pageLoadStrategy: normal, platformName: mac, proxy: Proxy(), se:cdp: ws://localhost:63796/devtoo..., se:cdpVersion: 133.0.6943.142, setWindowRect: true, strictFileInteractability: false, timeouts: {implicit: 0, pageLoad: 300000, script: 30000}, unhandledPromptBehavior: dismiss and notify, webauthn:extension:credBlob: true, webauthn:extension:largeBlob: true, webauthn:extension:minPinLength: true, webauthn:extension:prf: true, webauthn:virtualAuthenticators: true}
Session ID: 3313dccca93fbca02a1ccd73d03e5e0a]]>
            </message>
            <full-stacktrace>
              <![CDATA[org.openqa.selenium.StaleElementReferenceException: stale element reference: stale element not found
  (Session info: chrome=133.0.6943.142)
For documentation on this error, please visit: https://www.selenium.dev/documentation/webdriver/troubleshooting/errors#stale-element-reference-exception
Build info: version: '4.28.1', revision: '73f5ad48a2'
System info: os.name: 'Mac OS X', os.arch: 'aarch64', os.version: '15.3.1', java.version: '21.0.3'
Driver info: org.openqa.selenium.chrome.ChromeDriver
Command: [3313dccca93fbca02a1ccd73d03e5e0a, findChildElement {value=./td[4], using=xpath, id=f.A1706715AAE939343EB1634769DAE145.d.96D7708954C9E0711EB5F0B4505F51E6.e.157}]
Capabilities {acceptInsecureCerts: false, browserName: chrome, browserVersion: 133.0.6943.142, chrome: {chromedriverVersion: 133.0.6943.141 (2a5d6da0d61..., userDataDir: /var/folders/w2/dnxfgwc52t9...}, fedcm:accounts: true, goog:chromeOptions: {debuggerAddress: localhost:63796}, networkConnectionEnabled: false, pageLoadStrategy: normal, platformName: mac, proxy: Proxy(), se:cdp: ws://localhost:63796/devtoo..., se:cdpVersion: 133.0.6943.142, setWindowRect: true, strictFileInteractability: false, timeouts: {implicit: 0, pageLoad: 300000, script: 30000}, unhandledPromptBehavior: dismiss and notify, webauthn:extension:credBlob: true, webauthn:extension:largeBlob: true, webauthn:extension:minPinLength: true, webauthn:extension:prf: true, webauthn:virtualAuthenticators: true}
Session ID: 3313dccca93fbca02a1ccd73d03e5e0a
at java.base/jdk.internal.reflect.DirectConstructorHandleAccessor.newInstance(DirectConstructorHandleAccessor.java:62)
at java.base/java.lang.reflect.Constructor.newInstanceWithCaller(Constructor.java:502)
at java.base/java.lang.reflect.Constructor.newInstance(Constructor.java:486)
at org.openqa.selenium.remote.ErrorCodec.decode(ErrorCodec.java:167)
at org.openqa.selenium.remote.codec.w3c.W3CHttpResponseCodec.decode(W3CHttpResponseCodec.java:138)
at org.openqa.selenium.remote.codec.w3c.W3CHttpResponseCodec.decode(W3CHttpResponseCodec.java:50)
at org.openqa.selenium.remote.HttpCommandExecutor.execute(HttpCommandExecutor.java:215)
at org.openqa.selenium.remote.service.DriverCommandExecutor.invokeExecute(DriverCommandExecutor.java:216)
at org.openqa.selenium.remote.service.DriverCommandExecutor.execute(DriverCommandExecutor.java:174)
at org.openqa.selenium.remote.RemoteWebDriver.execute(RemoteWebDriver.java:545)
at org.openqa.selenium.remote.ElementLocation$ElementFinder$2.findElement(ElementLocation.java:165)
at org.openqa.selenium.remote.ElementLocation.findElement(ElementLocation.java:59)
at org.openqa.selenium.remote.RemoteWebDriver.findElement(RemoteWebDriver.java:368)
at org.openqa.selenium.remote.RemoteWebElement.findElement(RemoteWebElement.java:211)
at merchant.OperatorTest.editOperator(OperatorTest.java:143)
at java.base/jdk.internal.reflect.DirectMethodHandleAccessor.invoke(DirectMethodHandleAccessor.java:103)
at java.base/java.lang.reflect.Method.invoke(Method.java:580)
at org.testng.internal.invokers.MethodInvocationHelper.invokeMethod(MethodInvocationHelper.java:139)
at org.testng.internal.invokers.TestInvoker.invokeMethod(TestInvoker.java:677)
at org.testng.internal.invokers.TestInvoker.invokeTestMethod(TestInvoker.java:221)
at org.testng.internal.invokers.MethodRunner.runInSequence(MethodRunner.java:50)
at org.testng.internal.invokers.TestInvoker$MethodInvocationAgent.invoke(TestInvoker.java:962)
at org.testng.internal.invokers.TestInvoker.invokeTestMethods(TestInvoker.java:194)
at org.testng.internal.invokers.TestMethodWorker.invokeTestMethods(TestMethodWorker.java:148)
at org.testng.internal.invokers.TestMethodWorker.run(TestMethodWorker.java:128)
at java.base/java.util.ArrayList.forEach(ArrayList.java:1596)
at org.testng.TestRunner.privateRun(TestRunner.java:806)
at org.testng.TestRunner.run(TestRunner.java:601)
at org.testng.SuiteRunner.runTest(SuiteRunner.java:433)
at org.testng.SuiteRunner.runSequentially(SuiteRunner.java:427)
at org.testng.SuiteRunner.privateRun(SuiteRunner.java:387)
at org.testng.SuiteRunner.run(SuiteRunner.java:330)
at org.testng.SuiteRunnerWorker.runSuite(SuiteRunnerWorker.java:52)
at org.testng.SuiteRunnerWorker.run(SuiteRunnerWorker.java:95)
at org.testng.TestNG.runSuitesSequentially(TestNG.java:1256)
at org.testng.TestNG.runSuitesSequentially(TestNG.java:1251)
at org.testng.TestNG.runSuitesLocally(TestNG.java:1176)
at org.testng.TestNG.runSuites(TestNG.java:1099)
at org.testng.TestNG.run(TestNG.java:1067)
at org.testng.TestNG.privateMain(TestNG.java:1414)
at org.testng.TestNG.main(TestNG.java:1378)
]]>
            </full-stacktrace>
          </exception> <!-- org.openqa.selenium.StaleElementReferenceException -->
          <reporter-output>
          </reporter-output>
        </test-method> <!-- editOperator -->
        <test-method signature="deleteOperator()[pri:10, instance:merchant.OperatorTest@6f27a732]" started-at="2025-03-09T10:38:11 NPT" name="deleteOperator" finished-at="2025-03-09T10:38:16 NPT" duration-ms="4375" status="PASS">
          <reporter-output>
          </reporter-output>
        </test-method> <!-- deleteOperator -->
        <test-method signature="searchOperator()[pri:11, instance:merchant.OperatorTest@6f27a732]" started-at="2025-03-09T10:38:16 NPT" name="searchOperator" finished-at="2025-03-09T10:38:20 NPT" duration-ms="4143" status="PASS">
          <reporter-output>
          </reporter-output>
        </test-method> <!-- searchOperator -->
      </class> <!-- merchant.OperatorTest -->
      <class name="merchant.FAQs">
        <test-method signature="faqmenu()[pri:16, instance:merchant.FAQs@2e1d27ba]" started-at="2025-03-09T10:39:15 NPT" name="faqmenu" finished-at="2025-03-09T10:39:24 NPT" duration-ms="9480" status="PASS">
          <reporter-output>
          </reporter-output>
        </test-method> <!-- faqmenu -->
        <test-method signature="tutorialsmenu()[pri:17, instance:merchant.FAQs@2e1d27ba]" started-at="2025-03-09T10:39:24 NPT" name="tutorialsmenu" finished-at="2025-03-09T10:39:33 NPT" duration-ms="9073" status="PASS">
          <reporter-output>
          </reporter-output>
        </test-method> <!-- tutorialsmenu -->
      </class> <!-- merchant.FAQs -->
      <class name="merchant.DashboardTest">
        <test-method is-config="true" signature="setup()[pri:0, instance:merchant.DashboardTest@68e965f5]" started-at="2025-03-09T10:37:20 NPT" name="setup" finished-at="2025-03-09T10:37:28 NPT" duration-ms="8109" status="PASS">
          <reporter-output>
          </reporter-output>
        </test-method> <!-- setup -->
        <test-method signature="testDashboardLoad()[pri:3, instance:merchant.DashboardTest@68e965f5]" started-at="2025-03-09T10:37:28 NPT" name="testDashboardLoad" finished-at="2025-03-09T10:37:28 NPT" duration-ms="25" status="PASS">
          <reporter-output>
          </reporter-output>
        </test-method> <!-- testDashboardLoad -->
        <test-method signature="testGenerateDynamicQR()[pri:4, instance:merchant.DashboardTest@68e965f5]" started-at="2025-03-09T10:37:28 NPT" name="testGenerateDynamicQR" finished-at="2025-03-09T10:37:36 NPT" duration-ms="8373" status="PASS">
          <reporter-output>
          </reporter-output>
        </test-method> <!-- testGenerateDynamicQR -->
        <test-method signature="testLatestTransactionSummary()[pri:5, instance:merchant.DashboardTest@68e965f5]" started-at="2025-03-09T10:37:36 NPT" name="testLatestTransactionSummary" finished-at="2025-03-09T10:37:36 NPT" duration-ms="14" status="PASS">
          <reporter-output>
          </reporter-output>
        </test-method> <!-- testLatestTransactionSummary -->
        <test-method signature="refresh()[pri:6, instance:merchant.DashboardTest@68e965f5]" started-at="2025-03-09T10:37:36 NPT" name="refresh" finished-at="2025-03-09T10:37:36 NPT" duration-ms="43" status="PASS">
          <reporter-output>
          </reporter-output>
        </test-method> <!-- refresh -->
        <test-method signature="testAnnouncementsDisplay()[pri:7, instance:merchant.DashboardTest@68e965f5]" started-at="2025-03-09T10:37:36 NPT" name="testAnnouncementsDisplay" finished-at="2025-03-09T10:37:37 NPT" duration-ms="422" status="PASS">
          <reporter-output>
          </reporter-output>
        </test-method> <!-- testAnnouncementsDisplay -->
      </class> <!-- merchant.DashboardTest -->
      <class name="merchant.Advice">
        <test-method is-config="true" signature="adviceMenu()[pri:0, instance:merchant.Advice@f381794]" started-at="2025-03-09T10:38:40 NPT" name="adviceMenu" finished-at="2025-03-09T10:38:42 NPT" duration-ms="2068" status="PASS">
          <reporter-output>
          </reporter-output>
        </test-method> <!-- adviceMenu -->
        <test-method signature="searchAndDownAdv()[pri:13, instance:merchant.Advice@f381794]" started-at="2025-03-09T10:38:42 NPT" name="searchAndDownAdv" finished-at="2025-03-09T10:38:46 NPT" duration-ms="4266" status="FAIL">
          <exception class="org.openqa.selenium.StaleElementReferenceException">
            <message>
              <![CDATA[stale element reference: stale element not found in the current frame
  (Session info: chrome=133.0.6943.142)
For documentation on this error, please visit: https://www.selenium.dev/documentation/webdriver/troubleshooting/errors#stale-element-reference-exception
Build info: version: '4.28.1', revision: '73f5ad48a2'
System info: os.name: 'Mac OS X', os.arch: 'aarch64', os.version: '15.3.1', java.version: '21.0.3'
Driver info: org.openqa.selenium.chrome.ChromeDriver
Command: [3313dccca93fbca02a1ccd73d03e5e0a, clickElement {id=f.A1706715AAE939343EB1634769DAE145.d.554E6B4DB112B55444BF8E254A945E0F.e.1021}]
Capabilities {acceptInsecureCerts: false, browserName: chrome, browserVersion: 133.0.6943.142, chrome: {chromedriverVersion: 133.0.6943.141 (2a5d6da0d61..., userDataDir: /var/folders/w2/dnxfgwc52t9...}, fedcm:accounts: true, goog:chromeOptions: {debuggerAddress: localhost:63796}, networkConnectionEnabled: false, pageLoadStrategy: normal, platformName: mac, proxy: Proxy(), se:cdp: ws://localhost:63796/devtoo..., se:cdpVersion: 133.0.6943.142, setWindowRect: true, strictFileInteractability: false, timeouts: {implicit: 0, pageLoad: 300000, script: 30000}, unhandledPromptBehavior: dismiss and notify, webauthn:extension:credBlob: true, webauthn:extension:largeBlob: true, webauthn:extension:minPinLength: true, webauthn:extension:prf: true, webauthn:virtualAuthenticators: true}
Element: [[ChromeDriver: chrome on mac (3313dccca93fbca02a1ccd73d03e5e0a)] -> xpath: //div[contains(@class, 'dp__cell_inner dp__pointer dp__active_date')]]
Session ID: 3313dccca93fbca02a1ccd73d03e5e0a]]>
            </message>
            <full-stacktrace>
              <![CDATA[org.openqa.selenium.StaleElementReferenceException: stale element reference: stale element not found in the current frame
  (Session info: chrome=133.0.6943.142)
For documentation on this error, please visit: https://www.selenium.dev/documentation/webdriver/troubleshooting/errors#stale-element-reference-exception
Build info: version: '4.28.1', revision: '73f5ad48a2'
System info: os.name: 'Mac OS X', os.arch: 'aarch64', os.version: '15.3.1', java.version: '21.0.3'
Driver info: org.openqa.selenium.chrome.ChromeDriver
Command: [3313dccca93fbca02a1ccd73d03e5e0a, clickElement {id=f.A1706715AAE939343EB1634769DAE145.d.554E6B4DB112B55444BF8E254A945E0F.e.1021}]
Capabilities {acceptInsecureCerts: false, browserName: chrome, browserVersion: 133.0.6943.142, chrome: {chromedriverVersion: 133.0.6943.141 (2a5d6da0d61..., userDataDir: /var/folders/w2/dnxfgwc52t9...}, fedcm:accounts: true, goog:chromeOptions: {debuggerAddress: localhost:63796}, networkConnectionEnabled: false, pageLoadStrategy: normal, platformName: mac, proxy: Proxy(), se:cdp: ws://localhost:63796/devtoo..., se:cdpVersion: 133.0.6943.142, setWindowRect: true, strictFileInteractability: false, timeouts: {implicit: 0, pageLoad: 300000, script: 30000}, unhandledPromptBehavior: dismiss and notify, webauthn:extension:credBlob: true, webauthn:extension:largeBlob: true, webauthn:extension:minPinLength: true, webauthn:extension:prf: true, webauthn:virtualAuthenticators: true}
Element: [[ChromeDriver: chrome on mac (3313dccca93fbca02a1ccd73d03e5e0a)] -> xpath: //div[contains(@class, 'dp__cell_inner dp__pointer dp__active_date')]]
Session ID: 3313dccca93fbca02a1ccd73d03e5e0a
at java.base/jdk.internal.reflect.DirectConstructorHandleAccessor.newInstance(DirectConstructorHandleAccessor.java:62)
at java.base/java.lang.reflect.Constructor.newInstanceWithCaller(Constructor.java:502)
at java.base/java.lang.reflect.Constructor.newInstance(Constructor.java:486)
at org.openqa.selenium.remote.ErrorCodec.decode(ErrorCodec.java:167)
at org.openqa.selenium.remote.codec.w3c.W3CHttpResponseCodec.decode(W3CHttpResponseCodec.java:138)
at org.openqa.selenium.remote.codec.w3c.W3CHttpResponseCodec.decode(W3CHttpResponseCodec.java:50)
at org.openqa.selenium.remote.HttpCommandExecutor.execute(HttpCommandExecutor.java:215)
at org.openqa.selenium.remote.service.DriverCommandExecutor.invokeExecute(DriverCommandExecutor.java:216)
at org.openqa.selenium.remote.service.DriverCommandExecutor.execute(DriverCommandExecutor.java:174)
at org.openqa.selenium.remote.RemoteWebDriver.execute(RemoteWebDriver.java:545)
at org.openqa.selenium.remote.RemoteWebElement.execute(RemoteWebElement.java:223)
at org.openqa.selenium.remote.RemoteWebElement.click(RemoteWebElement.java:76)
at merchant.BaseTest.dateSelect(BaseTest.java:99)
at merchant.Advice.searchAndDownAdv(Advice.java:46)
at java.base/jdk.internal.reflect.DirectMethodHandleAccessor.invoke(DirectMethodHandleAccessor.java:103)
at java.base/java.lang.reflect.Method.invoke(Method.java:580)
at org.testng.internal.invokers.MethodInvocationHelper.invokeMethod(MethodInvocationHelper.java:139)
at org.testng.internal.invokers.TestInvoker.invokeMethod(TestInvoker.java:677)
at org.testng.internal.invokers.TestInvoker.invokeTestMethod(TestInvoker.java:221)
at org.testng.internal.invokers.MethodRunner.runInSequence(MethodRunner.java:50)
at org.testng.internal.invokers.TestInvoker$MethodInvocationAgent.invoke(TestInvoker.java:962)
at org.testng.internal.invokers.TestInvoker.invokeTestMethods(TestInvoker.java:194)
at org.testng.internal.invokers.TestMethodWorker.invokeTestMethods(TestMethodWorker.java:148)
at org.testng.internal.invokers.TestMethodWorker.run(TestMethodWorker.java:128)
at java.base/java.util.ArrayList.forEach(ArrayList.java:1596)
at org.testng.TestRunner.privateRun(TestRunner.java:806)
at org.testng.TestRunner.run(TestRunner.java:601)
at org.testng.SuiteRunner.runTest(SuiteRunner.java:433)
at org.testng.SuiteRunner.runSequentially(SuiteRunner.java:427)
at org.testng.SuiteRunner.privateRun(SuiteRunner.java:387)
at org.testng.SuiteRunner.run(SuiteRunner.java:330)
at org.testng.SuiteRunnerWorker.runSuite(SuiteRunnerWorker.java:52)
at org.testng.SuiteRunnerWorker.run(SuiteRunnerWorker.java:95)
at org.testng.TestNG.runSuitesSequentially(TestNG.java:1256)
at org.testng.TestNG.runSuitesSequentially(TestNG.java:1251)
at org.testng.TestNG.runSuitesLocally(TestNG.java:1176)
at org.testng.TestNG.runSuites(TestNG.java:1099)
at org.testng.TestNG.run(TestNG.java:1067)
at org.testng.TestNG.privateMain(TestNG.java:1414)
at org.testng.TestNG.main(TestNG.java:1378)
]]>
            </full-stacktrace>
          </exception> <!-- org.openqa.selenium.StaleElementReferenceException -->
          <reporter-output>
          </reporter-output>
        </test-method> <!-- searchAndDownAdv -->
      </class> <!-- merchant.Advice -->
      <class name="merchant.QRDownload">
        <test-method signature="qrMenu()[pri:14, instance:merchant.QRDownload@2cdd0d4b]" started-at="2025-03-09T10:38:46 NPT" name="qrMenu" finished-at="2025-03-09T10:39:06 NPT" duration-ms="20283" status="PASS">
          <reporter-output>
          </reporter-output>
        </test-method> <!-- qrMenu -->
      </class> <!-- merchant.QRDownload -->
      <class name="merchant.ActivityLog">
        <test-method is-config="true" signature="activitymenu()[pri:0, instance:merchant.ActivityLog@7e9131d5]" started-at="2025-03-09T10:39:06 NPT" name="activitymenu" finished-at="2025-03-09T10:39:06 NPT" duration-ms="96" status="PASS">
          <reporter-output>
          </reporter-output>
        </test-method> <!-- activitymenu -->
        <test-method signature="search()[pri:15, instance:merchant.ActivityLog@7e9131d5]" started-at="2025-03-09T10:39:06 NPT" name="search" finished-at="2025-03-09T10:39:15 NPT" duration-ms="8309" status="PASS">
          <reporter-output>
          </reporter-output>
        </test-method> <!-- search -->
      </class> <!-- merchant.ActivityLog -->
      <class name="merchant.TransactionTest">
        <test-method is-config="true" signature="transactionmenu()[pri:0, instance:merchant.TransactionTest@6c779568]" started-at="2025-03-09T10:38:20 NPT" name="transactionmenu" finished-at="2025-03-09T10:38:23 NPT" duration-ms="3130" status="PASS">
          <reporter-output>
          </reporter-output>
        </test-method> <!-- transactionmenu -->
        <test-method signature="transaction()[pri:12, instance:merchant.TransactionTest@6c779568]" started-at="2025-03-09T10:38:23 NPT" name="transaction" finished-at="2025-03-09T10:38:40 NPT" duration-ms="16567" status="PASS">
          <reporter-output>
          </reporter-output>
        </test-method> <!-- transaction -->
      </class> <!-- merchant.TransactionTest -->
    </test> <!-- Test -->
  </suite> <!-- Modules -->
  <suite started-at="2025-03-09T10:39:33 NPT" name="MasterSuite" finished-at="2025-03-09T10:39:33 NPT" duration-ms="0">
    <groups>
    </groups>
  </suite> <!-- MasterSuite -->
</testng-results>
