<?xml version="1.0" encoding="UTF-8"?>
<!-- Generated by org.testng.reporters.JUnitXMLReporter -->
<testsuite ignored="4" hostname="Samweks-MacBook-Air.local" failures="0" tests="3" name="GRP-dash" time="0.047" errors="0" timestamp="2025-03-02T17:15:59 NPT">
  <testcase classname="merchant.DashboardTest" name="@BeforeMethod Portal" time="0.004">
    <failure type="java.lang.NullPointerException" message="Cannot invoke &amp;quot;org.openqa.selenium.WebDriver.manage()&amp;quot; because &amp;quot;this.driver&amp;quot; is null">
      <![CDATA[java.lang.NullPointerException: Cannot invoke "org.openqa.selenium.WebDriver.manage()" because "this.driver" is null
at merchant.LoginTest.Portal(LoginTest.java:21)
at merchant.DashboardTest.Portal(DashboardTest.java:28)
at java.base/jdk.internal.reflect.DirectMethodHandleAccessor.invoke(DirectMethodHandleAccessor.java:103)
at java.base/java.lang.reflect.Method.invoke(Method.java:580)
at org.testng.internal.MethodInvocationHelper.invokeMethod(MethodInvocationHelper.java:133)
at org.testng.internal.MethodInvocationHelper.invokeMethodConsideringTimeout(MethodInvocationHelper.java:62)
at org.testng.internal.ConfigInvoker.invokeConfigurationMethod(ConfigInvoker.java:385)
at org.testng.internal.ConfigInvoker.invokeConfigurations(ConfigInvoker.java:321)
at org.testng.internal.TestInvoker.runConfigMethods(TestInvoker.java:700)
at org.testng.internal.TestInvoker.invokeMethod(TestInvoker.java:527)
at org.testng.internal.TestInvoker.invokeTestMethod(TestInvoker.java:173)
at org.testng.internal.MethodRunner.runInSequence(MethodRunner.java:46)
at org.testng.internal.TestInvoker$MethodInvocationAgent.invoke(TestInvoker.java:824)
at org.testng.internal.TestInvoker.invokeTestMethods(TestInvoker.java:146)
at org.testng.internal.TestMethodWorker.invokeTestMethods(TestMethodWorker.java:146)
at org.testng.internal.TestMethodWorker.run(TestMethodWorker.java:128)
at java.base/java.util.ArrayList.forEach(ArrayList.java:1596)
at org.testng.TestRunner.privateRun(TestRunner.java:794)
at org.testng.TestRunner.run(TestRunner.java:596)
at org.testng.SuiteRunner.runTest(SuiteRunner.java:377)
at org.testng.SuiteRunner.runSequentially(SuiteRunner.java:371)
at org.testng.SuiteRunner.privateRun(SuiteRunner.java:332)
at org.testng.SuiteRunner.run(SuiteRunner.java:276)
at org.testng.SuiteRunnerWorker.runSuite(SuiteRunnerWorker.java:53)
at org.testng.SuiteRunnerWorker.run(SuiteRunnerWorker.java:96)
at org.testng.TestNG.runSuitesSequentially(TestNG.java:1212)
at org.testng.TestNG.runSuitesLocally(TestNG.java:1134)
at org.testng.TestNG.runSuites(TestNG.java:1063)
at org.testng.TestNG.run(TestNG.java:1031)
at org.testng.remote.AbstractRemoteTestNG.run(AbstractRemoteTestNG.java:115)
at org.testng.remote.RemoteTestNG.initAndRun(RemoteTestNG.java:293)
at org.testng.remote.RemoteTestNG.main(RemoteTestNG.java:91)
]]>
    </failure>
  </testcase> <!-- @BeforeMethod Portal -->
  <testcase classname="merchant.DashboardTest" name="@BeforeMethod Portal" time="-1.740915059518E9">
    <skipped/>
  </testcase> <!-- @BeforeMethod Portal -->
  <testcase classname="merchant.DashboardTest" name="@BeforeMethod Portal" time="-1.740915059523E9">
    <skipped/>
  </testcase> <!-- @BeforeMethod Portal -->
  <testcase classname="merchant.DashboardTest" name="testAnnouncementsDisplay" time="0.0">
    <skipped/>
  </testcase> <!-- testAnnouncementsDisplay -->
  <testcase classname="merchant.DashboardTest" name="testDashboardLoad" time="0.0">
    <skipped/>
  </testcase> <!-- testDashboardLoad -->
  <testcase classname="merchant.DashboardTest" name="testLatestTransactionSummary" time="0.0">
    <skipped/>
  </testcase> <!-- testLatestTransactionSummary -->
  <testcase classname="merchant.LoginTest" name="testForgotPINRedirection" time="0.0">
    <ignored/>
  </testcase> <!-- testForgotPINRedirection -->
  <testcase classname="merchant.LoginTest" name="testInvalidLogin" time="0.0">
    <ignored/>
  </testcase> <!-- testInvalidLogin -->
  <testcase classname="merchant.LoginTest" name="ValidLoginTest" time="0.0">
    <ignored/>
  </testcase> <!-- ValidLoginTest -->
  <testcase classname="merchant.DashboardTest" name="testGenerateDynamicQR" time="0.0">
    <ignored/>
  </testcase> <!-- testGenerateDynamicQR -->
</testsuite> <!-- GRP-dash -->
